<?xml version="1.0" encoding="UTF-8"?>
<robot generator="Robot 7.0 (Python 3.12.4 on win32)" generated="2025-03-02T12:35:39.195829" rpa="false" schemaversion="5">
<suite id="s1" name="Login" source="C:\Users\Dennis\Documents\estudos_automacao\QAx\projects\smartbit-robot\tests\login.robot">
<test id="s1-t1" name="Deve logar como um gestor de academia" line="10">
<kw name="Start session" owner="Base" type="SETUP">
<kw name="New Browser" owner="Browser">
<msg time="2025-03-02T12:35:41.128184" level="INFO">{"browser": "chromium", "headless": false, "chromiumSandbox": false, "devtools": false, "handleSIGHUP": true, "handleSIGINT": true, "handleSIGTERM": true, "slowMo": 0.0, "timeout": 30000.0, "tracesDir": "C:\\Users\\Dennis\\Documents\\estudos_automacao\\QAx\\projects\\smartbit-robot\\logs\\browser\\traces\\c4ac0a1d-5d34-42a3-b4a2-fc7dd6d33c50"}</msg>
<msg time="2025-03-02T12:35:41.720499" level="INFO">Successfully created browser with options: {"browser":"chromium","headless":false,"chromiumSandbox":false,"devtools":false,"handleSIGHUP":true,"handleSIGINT":true,"handleSIGTERM":true,"slowMo":0,"timeout":30000,"tracesDir":"C:\\Users\\Dennis\\Documents\\estudos_automacao\\QAx\\projects\\smartbit-robot\\logs\\browser\\traces\\c4ac0a1d-5d34-42a3-b4a2-fc7dd6d33c50"}</msg>
<arg>browser=chromium</arg>
<arg>headless=False</arg>
<tag>BrowserControl</tag>
<tag>Setter</tag>
<doc>Create a new playwright Browser with specified options.</doc>
<status status="PASS" start="2025-03-02T12:35:41.127058" elapsed="0.593441"/>
</kw>
<kw name="New Page" owner="Browser">
<msg time="2025-03-02T12:35:43.628981" level="INFO">Successfully initialized new page object and opened url: http://localhost:3000</msg>
<msg time="2025-03-02T12:35:43.628981" level="INFO">No context was open. New context was automatically opened when this page is created.</msg>
<arg>http://localhost:3000</arg>
<tag>BrowserControl</tag>
<tag>Setter</tag>
<doc>Open a new Page.</doc>
<status status="PASS" start="2025-03-02T12:35:41.721499" elapsed="1.907482"/>
</kw>
<status status="PASS" start="2025-03-02T12:35:41.125944" elapsed="2.504038"/>
</kw>
<kw name="Go to login page" owner="Login">
<kw name="Go To" owner="Browser">
<msg time="2025-03-02T12:35:44.345721" level="INFO">Successfully opened URL http://localhost:3000/login</msg>
<arg>http://localhost:3000/login</arg>
<tag>BrowserControl</tag>
<tag>Setter</tag>
<doc>Navigates to the given ``url``.</doc>
<status status="PASS" start="2025-03-02T12:35:43.631980" elapsed="0.714696"/>
</kw>
<status status="PASS" start="2025-03-02T12:35:43.630981" elapsed="0.715695"/>
</kw>
<kw name="Submit login form" owner="Login">
<kw name="Fill Text" owner="Browser">
<msg time="2025-03-02T12:35:44.348679" level="INFO">Fills the text 'sac@smartbit.com' in the given field.</msg>
<arg>css=input[name=email]</arg>
<arg>${email}</arg>
<tag>PageContent</tag>
<tag>Setter</tag>
<doc>Clears and fills the given ``txt`` into the text field found by ``selector``.</doc>
<status status="PASS" start="2025-03-02T12:35:44.347678" elapsed="0.121992"/>
</kw>
<kw name="Fill Text" owner="Browser">
<msg time="2025-03-02T12:35:44.471669" level="INFO">Fills the text 'pwd123' in the given field.</msg>
<arg>css=input[name=password]</arg>
<arg>${password}</arg>
<tag>PageContent</tag>
<tag>Setter</tag>
<doc>Clears and fills the given ``txt`` into the text field found by ``selector``.</doc>
<status status="PASS" start="2025-03-02T12:35:44.470669" elapsed="0.055851"/>
</kw>
<kw name="Click" owner="Browser">
<msg time="2025-03-02T12:35:44.527538" level="INFO">Clicks the element 'css=button &gt;&gt; text=Entrar'.</msg>
<arg>css=button &gt;&gt; text=Entrar</arg>
<tag>PageContent</tag>
<tag>Setter</tag>
<doc>Simulates mouse click on the element found by ``selector``.</doc>
<status status="PASS" start="2025-03-02T12:35:44.526520" elapsed="0.111596"/>
</kw>
<arg>sac@smartbit.com</arg>
<arg>pwd123</arg>
<status status="PASS" start="2025-03-02T12:35:44.347678" elapsed="0.290438"/>
</kw>
<kw name="User is logged in" owner="Accounts">
<kw name="Set Variable" owner="BuiltIn">
<msg time="2025-03-02T12:35:44.655117" level="INFO">${element} = css=.logged-user</msg>
<var>${element}</var>
<arg>css=.logged-user</arg>
<doc>Returns the given values which can then be assigned to a variables.</doc>
<status status="PASS" start="2025-03-02T12:35:44.655117" elapsed="0.000000"/>
</kw>
<kw name="Wait For Elements State" owner="Browser">
<msg time="2025-03-02T12:35:46.030447" level="INFO">Waited for Element with selector css=.logged-user at state visible</msg>
<arg>${element}</arg>
<arg>Visible</arg>
<arg>5</arg>
<tag>PageContent</tag>
<tag>Wait</tag>
<doc>Waits for the element found by ``selector`` to satisfy state option.</doc>
<status status="PASS" start="2025-03-02T12:35:44.655117" elapsed="1.375330"/>
</kw>
<kw name="Get Text" owner="Browser">
<msg time="2025-03-02T12:35:46.094089" level="INFO">Text: 'sac@smartbit.com'</msg>
<arg>${element}</arg>
<arg>equal</arg>
<arg>${email}</arg>
<tag>Assertion</tag>
<tag>Getter</tag>
<tag>PageContent</tag>
<doc>Returns text attribute of the element found by ``selector``.</doc>
<status status="PASS" start="2025-03-02T12:35:46.030447" elapsed="0.064638"/>
</kw>
<arg>sac@smartbit.com</arg>
<status status="PASS" start="2025-03-02T12:35:44.654118" elapsed="1.440967"/>
</kw>
<kw name="Take Screenshot" owner="Browser" type="TEARDOWN">
<msg time="2025-03-02T12:35:46.247304" level="INFO" html="true">&lt;/td&gt;&lt;/tr&gt;&lt;tr&gt;&lt;td colspan="3"&gt;&lt;a href="browser/screenshot/robotframework-browser-screenshot-1.png" target="_blank"&gt;&lt;img src="browser/screenshot/robotframework-browser-screenshot-1.png" width="800px"/&gt;&lt;/a&gt;</msg>
<tag>PageContent</tag>
<doc>Takes a screenshot of the current window or element and saves it to disk.</doc>
<status status="PASS" start="2025-03-02T12:35:46.097086" elapsed="0.150218"/>
</kw>
<tag>login</tag>
<status status="PASS" start="2025-03-02T12:35:41.114991" elapsed="5.136311"/>
</test>
<doc>Cenarios de teste para Login SAC</doc>
<status status="PASS" start="2025-03-02T12:35:39.198827" elapsed="7.291978"/>
</suite>
<statistics>
<total>
<stat pass="1" fail="0" skip="0">All Tests</stat>
</total>
<tag>
<stat pass="1" fail="0" skip="0">login</stat>
</tag>
<suite>
<stat pass="1" fail="0" skip="0" id="s1" name="Login">Login</stat>
</suite>
</statistics>
<errors>
</errors>
</robot>
